<?xml version="1.0" encoding="UTF-8"?>
<robot generator="Robot 3.2.1 (Python 3.8.3 on win32)" generated="20200611 16:16:43.976" rpa="false">
<suite id="s1" name="DDT2Excel" source="C:\Users\Do Thi Ngoc\Desktop\project\automation test\automation\TestCases\DDT2Excel.robot">
<kw name="Open my browser" library="login_resources" type="setup">
<kw name="Open Browser" library="SeleniumLibrary">
<doc>Opens a new browser instance to the optional ``url``.</doc>
<arguments>
<arg>${LOGIN URL}</arg>
<arg>${BROWSER}</arg>
</arguments>
<msg timestamp="20200611 16:16:44.640" level="INFO">Opening browser 'chrome' to base url 'http://admin-demo.nopcommerce.com'.</msg>
<status status="PASS" starttime="20200611 16:16:44.640" endtime="20200611 16:16:51.925"></status>
</kw>
<status status="PASS" starttime="20200611 16:16:44.640" endtime="20200611 16:16:51.925"></status>
</kw>
<test id="s1-t1" name="LoginTestWithExcel">
<kw name="Invalid login">
<arguments>
<arg>admin@yourstore.com</arg>
<arg>adm</arg>
</arguments>
<kw name="Input username" library="login_resources">
<arguments>
<arg>${username}</arg>
</arguments>
<kw name="Input Text" library="SeleniumLibrary">
<doc>Types the given ``text`` into the text field identified by ``locator``.</doc>
<arguments>
<arg>id:Email</arg>
<arg>${username}</arg>
</arguments>
<msg timestamp="20200611 16:16:51.928" level="INFO">Typing text 'admin@yourstore.com' into text field 'id:Email'.</msg>
<status status="PASS" starttime="20200611 16:16:51.928" endtime="20200611 16:16:52.053"></status>
</kw>
<status status="PASS" starttime="20200611 16:16:51.927" endtime="20200611 16:16:52.053"></status>
</kw>
<kw name="Input password" library="login_resources">
<arguments>
<arg>${password}</arg>
</arguments>
<kw name="Input Text" library="SeleniumLibrary">
<doc>Types the given ``text`` into the text field identified by ``locator``.</doc>
<arguments>
<arg>id:Password</arg>
<arg>${password}</arg>
</arguments>
<msg timestamp="20200611 16:16:52.054" level="INFO">Typing text 'adm' into text field 'id:Password'.</msg>
<status status="PASS" starttime="20200611 16:16:52.053" endtime="20200611 16:16:52.143"></status>
</kw>
<status status="PASS" starttime="20200611 16:16:52.053" endtime="20200611 16:16:52.144"></status>
</kw>
<kw name="Click login button" library="login_resources">
<kw name="Click Element" library="SeleniumLibrary">
<doc>Click the element identified by ``locator``.</doc>
<arguments>
<arg>xpath://input[@class='button-1 login-button']</arg>
</arguments>
<msg timestamp="20200611 16:16:52.144" level="INFO">Clicking element 'xpath://input[@class='button-1 login-button']'.</msg>
<status status="PASS" starttime="20200611 16:16:52.144" endtime="20200611 16:16:52.629"></status>
</kw>
<status status="PASS" starttime="20200611 16:16:52.144" endtime="20200611 16:16:52.629"></status>
</kw>
<kw name="Error message should be visible" library="login_resources">
<kw name="Page Should Contain" library="SeleniumLibrary">
<doc>Verifies that current page contains ``text``.</doc>
<arguments>
<arg>Login was unsuccessful</arg>
</arguments>
<msg timestamp="20200611 16:16:52.658" level="INFO">Current page contains text 'Login was unsuccessful'.</msg>
<status status="PASS" starttime="20200611 16:16:52.630" endtime="20200611 16:16:52.658"></status>
</kw>
<status status="PASS" starttime="20200611 16:16:52.630" endtime="20200611 16:16:52.659"></status>
</kw>
<status status="PASS" starttime="20200611 16:16:51.927" endtime="20200611 16:16:52.659"></status>
</kw>
<status status="PASS" starttime="20200611 16:16:51.925" endtime="20200611 16:16:52.663" critical="yes"></status>
</test>
<test id="s1-t2" name="LoginTestWithExcel">
<kw name="Invalid login">
<arguments>
<arg>adm@yourstore.com</arg>
<arg>admin</arg>
</arguments>
<kw name="Input username" library="login_resources">
<arguments>
<arg>${username}</arg>
</arguments>
<kw name="Input Text" library="SeleniumLibrary">
<doc>Types the given ``text`` into the text field identified by ``locator``.</doc>
<arguments>
<arg>id:Email</arg>
<arg>${username}</arg>
</arguments>
<msg timestamp="20200611 16:16:52.669" level="INFO">Typing text 'adm@yourstore.com' into text field 'id:Email'.</msg>
<status status="PASS" starttime="20200611 16:16:52.669" endtime="20200611 16:16:52.788"></status>
</kw>
<status status="PASS" starttime="20200611 16:16:52.668" endtime="20200611 16:16:52.788"></status>
</kw>
<kw name="Input password" library="login_resources">
<arguments>
<arg>${password}</arg>
</arguments>
<kw name="Input Text" library="SeleniumLibrary">
<doc>Types the given ``text`` into the text field identified by ``locator``.</doc>
<arguments>
<arg>id:Password</arg>
<arg>${password}</arg>
</arguments>
<msg timestamp="20200611 16:16:52.789" level="INFO">Typing text 'admin' into text field 'id:Password'.</msg>
<status status="PASS" starttime="20200611 16:16:52.788" endtime="20200611 16:16:52.868"></status>
</kw>
<status status="PASS" starttime="20200611 16:16:52.788" endtime="20200611 16:16:52.868"></status>
</kw>
<kw name="Click login button" library="login_resources">
<kw name="Click Element" library="SeleniumLibrary">
<doc>Click the element identified by ``locator``.</doc>
<arguments>
<arg>xpath://input[@class='button-1 login-button']</arg>
</arguments>
<msg timestamp="20200611 16:16:52.869" level="INFO">Clicking element 'xpath://input[@class='button-1 login-button']'.</msg>
<status status="PASS" starttime="20200611 16:16:52.869" endtime="20200611 16:16:53.305"></status>
</kw>
<status status="PASS" starttime="20200611 16:16:52.868" endtime="20200611 16:16:53.305"></status>
</kw>
<kw name="Error message should be visible" library="login_resources">
<kw name="Page Should Contain" library="SeleniumLibrary">
<doc>Verifies that current page contains ``text``.</doc>
<arguments>
<arg>Login was unsuccessful</arg>
</arguments>
<msg timestamp="20200611 16:16:53.318" level="INFO">Current page contains text 'Login was unsuccessful'.</msg>
<status status="PASS" starttime="20200611 16:16:53.306" endtime="20200611 16:16:53.318"></status>
</kw>
<status status="PASS" starttime="20200611 16:16:53.305" endtime="20200611 16:16:53.319"></status>
</kw>
<status status="PASS" starttime="20200611 16:16:52.667" endtime="20200611 16:16:53.319"></status>
</kw>
<status status="PASS" starttime="20200611 16:16:52.665" endtime="20200611 16:16:53.319" critical="yes"></status>
</test>
<test id="s1-t3" name="LoginTestWithExcel">
<kw name="Invalid login">
<arguments>
<arg>adm1@yourstore.com</arg>
<arg>adm</arg>
</arguments>
<kw name="Input username" library="login_resources">
<arguments>
<arg>${username}</arg>
</arguments>
<kw name="Input Text" library="SeleniumLibrary">
<doc>Types the given ``text`` into the text field identified by ``locator``.</doc>
<arguments>
<arg>id:Email</arg>
<arg>${username}</arg>
</arguments>
<msg timestamp="20200611 16:16:53.323" level="INFO">Typing text 'adm1@yourstore.com' into text field 'id:Email'.</msg>
<status status="PASS" starttime="20200611 16:16:53.322" endtime="20200611 16:16:53.431"></status>
</kw>
<status status="PASS" starttime="20200611 16:16:53.322" endtime="20200611 16:16:53.431"></status>
</kw>
<kw name="Input password" library="login_resources">
<arguments>
<arg>${password}</arg>
</arguments>
<kw name="Input Text" library="SeleniumLibrary">
<doc>Types the given ``text`` into the text field identified by ``locator``.</doc>
<arguments>
<arg>id:Password</arg>
<arg>${password}</arg>
</arguments>
<msg timestamp="20200611 16:16:53.432" level="INFO">Typing text 'adm' into text field 'id:Password'.</msg>
<status status="PASS" starttime="20200611 16:16:53.432" endtime="20200611 16:16:53.504"></status>
</kw>
<status status="PASS" starttime="20200611 16:16:53.432" endtime="20200611 16:16:53.504"></status>
</kw>
<kw name="Click login button" library="login_resources">
<kw name="Click Element" library="SeleniumLibrary">
<doc>Click the element identified by ``locator``.</doc>
<arguments>
<arg>xpath://input[@class='button-1 login-button']</arg>
</arguments>
<msg timestamp="20200611 16:16:53.505" level="INFO">Clicking element 'xpath://input[@class='button-1 login-button']'.</msg>
<status status="PASS" starttime="20200611 16:16:53.505" endtime="20200611 16:16:54.680"></status>
</kw>
<status status="PASS" starttime="20200611 16:16:53.504" endtime="20200611 16:16:54.680"></status>
</kw>
<kw name="Error message should be visible" library="login_resources">
<kw name="Page Should Contain" library="SeleniumLibrary">
<doc>Verifies that current page contains ``text``.</doc>
<arguments>
<arg>Login was unsuccessful</arg>
</arguments>
<msg timestamp="20200611 16:16:54.697" level="INFO">Current page contains text 'Login was unsuccessful'.</msg>
<status status="PASS" starttime="20200611 16:16:54.681" endtime="20200611 16:16:54.697"></status>
</kw>
<status status="PASS" starttime="20200611 16:16:54.680" endtime="20200611 16:16:54.697"></status>
</kw>
<status status="PASS" starttime="20200611 16:16:53.322" endtime="20200611 16:16:54.697"></status>
</kw>
<status status="PASS" starttime="20200611 16:16:53.321" endtime="20200611 16:16:54.698" critical="yes"></status>
</test>
<kw name="Close browsers" library="login_resources" type="teardown">
<kw name="Close All Browsers" library="SeleniumLibrary">
<doc>Closes all open browsers and resets the browser cache.</doc>
<status status="PASS" starttime="20200611 16:16:54.700" endtime="20200611 16:16:56.901"></status>
</kw>
<status status="PASS" starttime="20200611 16:16:54.700" endtime="20200611 16:16:56.901"></status>
</kw>
<status status="PASS" starttime="20200611 16:16:43.978" endtime="20200611 16:16:56.901"></status>
</suite>
<statistics>
<total>
<stat pass="3" fail="0">Critical Tests</stat>
<stat pass="3" fail="0">All Tests</stat>
</total>
<tag>
</tag>
<suite>
<stat pass="3" fail="0" id="s1" name="DDT2Excel">DDT2Excel</stat>
</suite>
</statistics>
<errors>
<msg timestamp="20200611 16:16:52.664" level="WARN">Multiple test cases with name 'LoginTestWithExcel' executed in test suite 'DDT2Excel'.</msg>
<msg timestamp="20200611 16:16:53.321" level="WARN">Multiple test cases with name 'LoginTestWithExcel' executed in test suite 'DDT2Excel'.</msg>
</errors>
</robot>
